10/11/2017 2:22:00 AM == GetCurrentUserId start
10/11/2017 2:22:00 AM Can't find user in company by 'etl@plutora.com' email
10/11/2017 2:22:00 AM == GetCurrentUserId end
10/11/2017 2:22:00 AM _currentUserId=
10/11/2017 2:22:00 AM Executed for 'demo' subdomain
10/11/2017 2:22:00 AM Starting task - QcIntegration
10/11/2017 2:22:00 AM Read mapping

10/11/2017 2:22:00 AM Processed File Name: QC_R2710_CAT_Daily_extract_to_Plutora.xlsx

10/11/2017 2:22:00 AM Total Records In The Integration File: 134
10/11/2017 2:22:00 AM Total Records Parsed: 15
10/11/2017 2:22:00 AM Total Records Created: 255
10/11/2017 2:22:00 AM Total Records Failed: 0
10/11/2017 2:22:00 AM Total non optional sheets absent: 3
10/11/2017 2:22:00 AM #FAILED - Tab 'D(O)' doesn't exist
10/11/2017 2:22:00 AM #FAILED - Tab 'A(>6k)' doesn't exist
10/11/2017 2:22:00 AM #FAILED - Tab 'TCHistory' doesn't exist

10/11/2017 2:22:00 AM #Reqt_Extract : process started
10/11/2017 2:22:00 AM Reading XLS feed file
10/11/2017 2:22:00 AM #Reqt_Extract : process completed

10/11/2017 2:22:00 AM #TestSet_Extract : process started
10/11/2017 2:22:00 AM Reading XLS feed file
10/11/2017 2:22:00 AM Processing parsing rows into class models
10/11/2017 2:22:00 AM Records PARSED: 170
10/11/2017 2:22:00 AM Started REMOVING of existing records
10/11/2017 2:22:00 AM Completed REMOVING of existing records
10/11/2017 2:22:00 AM === ApplReal logic for 'Appl Real' column (begin)
10/11/2017 2:22:00 AM There are no any empty values in the 'Appl Real' column
10/11/2017 2:22:00 AM The following Applications doesn't exist in Plutora (count: 4):
                        AAMIE-2.0
                        Alias CD
                        CCB-RCRM
                        RCRM_INFOSYS
10/11/2017 2:22:00 AM === ApplReal logic (end)
10/11/2017 2:22:00 AM Started INSERTING of 170 records
10/11/2017 2:22:00 AM Completed INSERTING of 170 records
10/11/2017 2:22:00 AM Records ADDED: 170
10/11/2017 2:22:00 AM #TestSet_Extract : process completed

10/11/2017 2:22:00 AM #Defect_Extract : process started
10/11/2017 2:22:00 AM Reading XLS feed file
10/11/2017 2:22:00 AM Processing parsing rows into class models
10/11/2017 2:22:00 AM Records PARSED: 85
10/11/2017 2:22:00 AM Started REMOVING of existing records
10/11/2017 2:22:00 AM Completed REMOVING of existing records
10/11/2017 2:22:00 AM === ApplReal logic for 'Appl Real' column (begin)
10/11/2017 2:22:00 AM There are no any empty values in the 'Appl Real' column
10/11/2017 2:22:00 AM The following Applications doesn't exist in Plutora (count: 2):
                        CCB-RCRM
                        RCRM_INFOSYS
10/11/2017 2:22:00 AM === ApplReal logic (end)
10/11/2017 2:22:00 AM === ChangeRequest logic for 'Change Request' column (begin)
10/11/2017 2:22:00 AM There are no any invalid IRs in the 'Change Request' column
10/11/2017 2:22:00 AM === ChangeRequest logic (end)
10/11/2017 2:22:00 AM Started INSERTING of 85 records
10/11/2017 2:22:00 AM Completed INSERTING of 85 records
10/11/2017 2:22:00 AM Records ADDED: 85
10/11/2017 2:22:00 AM #Defect_Extract : process completed

10/11/2017 2:22:00 AM #D(O) : process started
10/11/2017 2:22:00 AM Reading XLS feed file
10/11/2017 2:22:01 AM #D(O) : process completed

10/11/2017 2:22:01 AM #A(>6k) : process started
10/11/2017 2:22:01 AM Reading XLS feed file
10/11/2017 2:22:01 AM #A(>6k) : process completed

10/11/2017 2:22:01 AM #TCHistory : process started
10/11/2017 2:22:01 AM Reading XLS feed file
10/11/2017 2:22:01 AM #TCHistory : process completed

10/11/2017 2:22:01 AM #InMemoryPerformance : process started
10/11/2017 2:22:01 AM InMemoryPerformanceEnabled: false
10/11/2017 2:22:01 AM InMemoryPerformanceFileName: Telstra_Cube_Final.sql
10/11/2017 2:22:01 AM InMemoryPerformance is disabled
10/11/2017 2:22:01 AM #InMemoryPerformance : process completed

10/11/2017 2:22:01 AM #CubeTablesModifiedDates : process started
10/11/2017 2:22:01 AM The list of CubeTables are empty
10/11/2017 2:22:01 AM #CubeTablesModifiedDates : process completed

10/11/2017 2:22:01 AM Complete task
